\BOOKMARK [1][-]{section.1}{\376\377\060\157\060\130\060\201\060\153}{}% 1
\BOOKMARK [2][-]{subsection.1.1}{\376\377\124\362\133\146\170\024\172\166\060\153\060\112\060\121\060\213\140\305\130\061\142\200\210\123\134\016\121\145\060\156\163\376\162\266}{section.1}% 2
\BOOKMARK [2][-]{subsection.1.2}{\376\377\116\326\060\156\116\272\145\207\133\146\060\150\060\156\153\324\217\003\377\032\060\152\060\134\124\362\133\146\060\157\220\105\060\214\060\146\060\104\060\213\060\156\060\113}{section.1}% 3
\BOOKMARK [2][-]{subsection.1.3}{\376\377\147\054\060\250\060\263\060\267\060\271\060\306\060\340\060\156\060\323\060\270\060\347\060\363}{section.1}% 4
\BOOKMARK [2][-]{subsection.1.4}{\376\377\212\326\145\207\060\156\151\313\142\020}{section.1}% 5
\BOOKMARK [1][-]{section.2}{\376\377\124\362\133\146\170\024\172\166\060\153\212\010\173\227\166\204\060\242\060\327\060\355\060\374\060\301\060\114\137\305\211\201\060\152\164\006\165\061}{}% 6
\BOOKMARK [2][-]{subsection.2.1}{\376\377\123\130\116\000\133\146\200\005\060\156\212\215\167\345\226\120\165\114\125\117\230\114}{section.2}% 7
\BOOKMARK [2][-]{subsection.2.2}{\376\377\151\202\137\365\060\156\220\032\175\004\116\015\123\357\200\375\140\047\125\117\230\114}{section.2}% 8
\BOOKMARK [2][-]{subsection.2.3}{\376\377\211\343\221\310\060\156\217\375\215\341\123\357\200\375\140\047\125\117\230\114}{section.2}% 9
\BOOKMARK [2][-]{subsection.2.4}{\376\377\153\143\121\170\116\055\137\303\116\073\177\251\060\113\060\211\060\156\201\061\123\164}{section.2}% 10
\BOOKMARK [1][-]{section.3}{\376\377\145\345\136\070\123\026\060\156\060\137\060\201\060\156\212\055\212\010\140\035\140\363}{}% 11
\BOOKMARK [2][-]{subsection.3.1}{\376\377\000B\000i\000o\000c\000o\000n\000d\000u\000c\000t\000o\000r\000\040\060\156\142\020\122\237\060\153\133\146\060\166}{section.3}% 12
\BOOKMARK [2][-]{subsection.3.2}{\376\377\060\014\000B\000L\000A\000S\000T\000\040\060\156\060\210\060\106\060\152\151\202\137\365\151\034\175\042\060\015}{section.3}% 13
\BOOKMARK [2][-]{subsection.3.3}{\376\377\170\024\172\166\200\005\060\114\211\346\060\214\060\213\060\156\060\157\0001\0005\060\156\060\014\122\325\212\136\060\015\060\140\060\121}{section.3}% 14
\BOOKMARK [1][-]{section.4}{\376\377\121\167\117\123\166\204\122\051\165\050\116\213\117\213}{}% 15
\BOOKMARK [2][-]{subsection.4.1}{\376\377\116\213\117\213\0001\377\032\124\214\217\273\060\014\225\223\147\304\060\015\060\156\117\035\175\161\152\052\145\255\143\242\175\042}{section.4}% 16
\BOOKMARK [2][-]{subsection.4.2}{\376\377\116\213\117\213\0002\377\032\151\202\137\365\153\324\217\003\060\354\060\335\060\374\060\310\060\156\201\352\122\325\165\037\142\020}{section.4}% 17
\BOOKMARK [2][-]{subsection.4.3}{\376\377\116\213\117\213\0003\377\032\151\202\137\365\060\156\146\102\174\373\122\027\131\011\220\167\217\375\215\341}{section.4}% 18
\BOOKMARK [2][-]{subsection.4.4}{\376\377\116\213\117\213\0004\377\032\211\343\221\310\060\156\136\003\177\156\126\363}{section.4}% 19
\BOOKMARK [2][-]{subsection.4.5}{\376\377\116\213\117\213\0005\377\032\060\274\060\337\060\373\145\131\200\262\122\051\165\050}{section.4}% 20
\BOOKMARK [2][-]{subsection.4.6}{\376\377\116\213\117\213\0006\377\032\171\321\170\024\214\273\165\063\212\313\060\373\212\326\145\207\156\226\120\231\060\357\060\374\060\257\060\325\060\355\060\374}{section.4}% 21
\BOOKMARK [1][-]{section.5}{\376\377\060\307\060\374\060\277\151\313\220\040\377\032\000P\000h\000i\000l\000C\000o\000r\000p\000u\000s\000\040\060\150\000\040\000C\000o\000n\000c\000e\000p\000t\000S\000p\000a\000n\000s}{}% 22
\BOOKMARK [2][-]{subsection.5.1}{\376\377\000P\000h\000i\000l\000C\000o\000r\000p\000u\000s\377\032\124\362\133\146\060\306\060\255\060\271\060\310\060\156\060\137\060\201\060\156\152\031\156\226\060\307\060\374\060\277\060\263\060\363\060\306\060\312}{section.5}% 23
\BOOKMARK [2][-]{subsection.5.2}{\376\377\000C\000o\000n\000c\000e\000p\000t\000S\000p\000a\000n\000s\377\032\060\306\060\255\060\271\060\310\116\012\060\156\151\202\137\365\060\242\060\316\060\306\060\374\060\267\060\347\060\363}{section.5}% 24
\BOOKMARK [2][-]{subsection.5.3}{\376\377\211\343\221\310\060\156\131\032\221\315\140\047\060\170\060\156\133\376\137\334}{section.5}% 25
\BOOKMARK [1][-]{section.6}{\376\377\060\250\060\263\060\267\060\271\060\306\060\340\060\242\060\374\060\255\060\306\060\257\060\301\060\343}{}% 26
\BOOKMARK [2][-]{subsection.6.1}{\376\377\0007\134\144\060\242\060\374\060\255\060\306\060\257\060\301\060\343}{section.6}% 27
\BOOKMARK [2][-]{subsection.6.2}{\376\377\000R\000/\000P\000y\000t\000h\000o\000n\000\040\116\214\212\000\212\236\142\046\165\145}{section.6}% 28
\BOOKMARK [2][-]{subsection.6.3}{\376\377\060\352\060\335\060\270\060\310\060\352\151\313\142\020}{section.6}% 29
\BOOKMARK [2][-]{subsection.6.4}{\376\377\117\235\133\130\225\242\117\302\060\260\060\351\060\325}{section.6}% 30
\BOOKMARK [1][-]{section.7}{\376\377\060\306\060\255\060\271\060\310\133\232\221\317\123\026\060\250\060\363\060\270\060\363\377\010\000p\000h\000i\000l\000e\000n\000g\000i\000n\000e\377\011}{}% 31
\BOOKMARK [2][-]{subsection.7.1}{\376\377\060\327\060\351\060\254\060\326\060\353\060\320\060\303\060\257\060\250\060\363\060\311\212\055\212\010}{section.7}% 32
\BOOKMARK [2][-]{subsection.7.2}{\376\377\060\325\060\241\060\273\060\303\060\310\127\313\060\201\217\274\060\177}{section.7}% 33
\BOOKMARK [2][-]{subsection.7.3}{\376\377\227\136\060\331\060\257\060\310\060\353\166\204\133\232\221\317\123\026}{section.7}% 34
\BOOKMARK [2][-]{subsection.7.4}{\376\377\123\344\121\170\212\236\060\170\060\156\133\376\137\334}{section.7}% 35
\BOOKMARK [2][-]{subsection.7.5}{\376\377\124\362\133\146\060\311\060\341\060\244\060\363\162\171\123\026\060\325\060\241\060\244\060\363\060\301\060\345\060\374\060\313\060\363\060\260}{section.7}% 36
\BOOKMARK [1][-]{section.8}{\376\377\151\202\137\365\145\164\122\027\142\113\154\325\377\010\000p\000h\000i\000l\000m\000a\000p\377\011}{}% 37
\BOOKMARK [2][-]{subsection.8.1}{\376\377\0004\060\144\060\156\145\164\122\027\142\113\154\325}{section.8}% 38
\BOOKMARK [2][-]{subsection.8.2}{\376\377\060\331\060\363\060\301\060\336\060\374\060\257}{section.8}% 39
\BOOKMARK [1][-]{section.9}{\376\377\167\345\213\130\060\260\060\351\060\325\060\150\060\306\060\255\060\271\060\310\211\343\147\220}{}% 40
\BOOKMARK [2][-]{subsection.9.1}{\376\377\000p\000h\000i\000l\000g\000r\000a\000p\000h\377\032\124\362\133\146\167\345\213\130\060\260\060\351\060\325}{section.9}% 41
\BOOKMARK [2][-]{subsection.9.2}{\376\377\000p\000h\000i\000l\000t\000e\000x\000t\377\032\212\326\212\074\142\275\121\372\060\150\211\343\221\310\217\375\215\341}{section.9}% 42
\BOOKMARK [2][-]{subsection.9.3}{\376\377\227\136\123\344\121\170\212\326\164\006\060\265\060\335\060\374\060\310}{section.9}% 43
\BOOKMARK [1][-]{section.10}{\376\377\155\361\134\144\133\146\177\322\127\372\166\344\060\150\060\156\225\242\117\302}{}% 44
\BOOKMARK [2][-]{subsection.10.1}{\376\377\131\047\211\217\152\041\212\000\212\236\060\342\060\307\060\353\060\150\060\156\220\043\144\072}{section.10}% 45
\BOOKMARK [2][-]{subsection.10.2}{\376\377\131\032\212\000\212\236\127\313\060\201\217\274\060\177\060\342\060\307\060\353\060\156\166\172\134\125\060\150\124\362\133\146\060\170\060\156\137\334\165\050}{section.10}% 46
\BOOKMARK [2][-]{subsection.10.3}{\376\377\116\312\137\214\060\156\060\342\060\307\060\353\225\213\166\172\060\156\145\271\124\021\140\047}{section.10}% 47
\BOOKMARK [1][-]{section.11}{\376\377\225\242\220\043\170\024\172\166}{}% 48
\BOOKMARK [2][-]{subsection.11.1}{\376\377\060\307\060\270\060\277\060\353\060\373\060\322\060\345\060\374\060\336\060\313\060\306\060\243\060\374\060\272}{section.11}% 49
\BOOKMARK [2][-]{subsection.11.2}{\376\377\212\010\173\227\124\362\133\146}{section.11}% 50
\BOOKMARK [2][-]{subsection.11.3}{\376\377\124\362\133\146\166\204\060\306\060\255\060\271\060\310\060\336\060\244\060\313\060\363\060\260}{section.11}% 51
\BOOKMARK [2][-]{subsection.11.4}{\376\377\000B\000i\000o\000c\000o\000n\000d\000u\000c\000t\000o\000r\000\040\000/\000\040\000B\000i\000o\000P\000y\000t\000h\000o\000n\000\040\060\150\060\156\153\324\217\003}{section.11}% 52
\BOOKMARK [2][-]{subsection.11.5}{\376\377\131\032\212\000\212\236\127\313\060\201\217\274\060\177\060\342\060\307\060\353}{section.11}% 53
\BOOKMARK [1][-]{section.12}{\376\377\060\355\060\374\060\311\060\336\060\303\060\327\060\150\116\312\137\214\060\156\212\262\230\114}{}% 54
\BOOKMARK [2][-]{subsection.12.1}{\376\377\133\237\210\305\060\355\060\374\060\311\060\336\060\303\060\327}{section.12}% 55
\BOOKMARK [2][-]{subsection.12.2}{\376\377\060\263\060\337\060\345\060\313\060\306\060\243\137\142\142\020\060\156\212\262\230\114}{section.12}% 56
\BOOKMARK [2][-]{subsection.12.3}{\376\377\212\125\117\241\127\372\156\226\060\156\121\161\124\014\151\313\173\311}{section.12}% 57
\BOOKMARK [1][-]{section.13}{\376\377\060\176\060\150\060\201}{}% 58
\BOOKMARK [2][-]{subsection.13.1}{\376\377\147\054\214\352\166\204\060\152\214\242\163\056}{section.13}% 59
\BOOKMARK [2][-]{subsection.13.2}{\376\377\060\014\124\362\133\146\060\156\060\321\060\351\060\300\060\244\060\340\060\267\060\325\060\310\060\015\060\170\060\156\134\125\147\033}{section.13}% 60
